#
# There is insufficient memory for the Java Runtime Environment to continue.
# Native memory allocation (malloc) failed to allocate 368656 bytes for Chunk::new
# Possible reasons:
#   The system is out of physical RAM or swap space
#   In 32 bit mode, the process size limit was hit
# Possible solutions:
#   Reduce memory load on the system
#   Increase physical memory or swap space
#   Check if swap backing store is full
#   Use 64 bit Java on a 64 bit OS
#   Decrease Java heap size (-Xmx/-Xms)
#   Decrease number of Java threads
#   Decrease Java thread stack sizes (-Xss)
#   Set larger code cache with -XX:ReservedCodeCacheSize=
# This output file may be truncated or incomplete.
#
#  Out of Memory Error (allocation.cpp:390), pid=7320, tid=4352
#
# JRE version:  (8.0_60-b27) (build )
# Java VM: Java HotSpot(TM) 64-Bit Server VM (25.60-b23 mixed mode windows-amd64 compressed oops)
# Failed to write core dump. Minidumps are not enabled by default on client versions of Windows
#

---------------  T H R E A D  ---------------

Current thread (0x00000000004de000):  JavaThread "Unknown thread" [_thread_in_vm, id=4352, stack(0x0000000002230000,0x0000000002330000)]

Stack: [0x0000000002230000,0x0000000002330000]
[error occurred during error reporting (printing stack bounds), id 0xc0000005]

Native frames: (J=compiled Java code, j=interpreted, Vv=VM code, C=native code)


---------------  P R O C E S S  ---------------

Java Threads: ( => current thread )

Other Threads:

=>0x00000000004de000 (exited) JavaThread "Unknown thread" [_thread_in_vm, id=4352, stack(0x0000000002230000,0x0000000002330000)]

VM state:not at safepoint (not fully initialized)

VM Mutex/Monitor currently owned by a thread: None

GC Heap History (0 events):
No events

Deoptimization events (0 events):
No events

Internal exceptions (0 events):
No events

Events (0 events):
No events


Dynamic libraries:
0x000000013ff50000 - 0x000000013ff87000 	C:\Program Files\Java\jdk1.8.0_60\jre\bin\java.exe
0x00000000771e0000 - 0x000000007738a000 	C:\windows\SYSTEM32\ntdll.dll
0x0000000076fc0000 - 0x00000000770df000 	C:\windows\system32\kernel32.dll
0x000007fefcf40000 - 0x000007fefcfaa000 	C:\windows\system32\KERNELBASE.dll
0x000007fefe960000 - 0x000007fefea3b000 	C:\windows\system32\ADVAPI32.dll
0x000007fefed60000 - 0x000007fefedff000 	C:\windows\system32\msvcrt.dll
0x000007fefef90000 - 0x000007fefefaf000 	C:\windows\SYSTEM32\sechost.dll
0x000007fefea90000 - 0x000007fefebbd000 	C:\windows\system32\RPCRT4.dll
0x00000000770e0000 - 0x00000000771da000 	C:\windows\system32\USER32.dll
0x000007fefd2d0000 - 0x000007fefd337000 	C:\windows\system32\GDI32.dll
0x000007fefe8b0000 - 0x000007fefe8be000 	C:\windows\system32\LPK.dll
0x000007fefd6f0000 - 0x000007fefd7ba000 	C:\windows\system32\USP10.dll
0x000007fefb730000 - 0x000007fefb924000 	C:\windows\WinSxS\amd64_microsoft.windows.common-controls_6595b64144ccf1df_6.0.7601.18837_none_fa3b1e3d17594757\COMCTL32.dll
0x000007fefebd0000 - 0x000007fefec41000 	C:\windows\system32\SHLWAPI.dll
0x000007fefd620000 - 0x000007fefd64e000 	C:\windows\system32\IMM32.DLL
0x000007fefec50000 - 0x000007fefed59000 	C:\windows\system32\MSCTF.dll
0x00000000533c0000 - 0x0000000053492000 	C:\Program Files\Java\jdk1.8.0_60\jre\bin\msvcr100.dll
0x00000000517a0000 - 0x0000000052029000 	C:\Program Files\Java\jdk1.8.0_60\jre\bin\server\jvm.dll
0x000007fef9030000 - 0x000007fef9039000 	C:\windows\system32\WSOCK32.dll
0x000007fefea40000 - 0x000007fefea8d000 	C:\windows\system32\WS2_32.dll
0x000007fefebc0000 - 0x000007fefebc8000 	C:\windows\system32\NSI.dll
0x000007fef9b90000 - 0x000007fef9bcb000 	C:\windows\system32\WINMM.dll
0x000007fefbe20000 - 0x000007fefbe2c000 	C:\windows\system32\VERSION.dll
0x00000000773b0000 - 0x00000000773b7000 	C:\windows\system32\PSAPI.DLL
0x000000006dab0000 - 0x000000006dabf000 	C:\Program Files\Java\jdk1.8.0_60\jre\bin\verify.dll
0x0000000066260000 - 0x0000000066289000 	C:\Program Files\Java\jdk1.8.0_60\jre\bin\java.dll
0x0000000065af0000 - 0x0000000065b06000 	C:\Program Files\Java\jdk1.8.0_60\jre\bin\zip.dll

VM Arguments:
java_command: R:\workspaces_neon\wks_ispyb\ispyb-ws\target\surefire\surefirebooter5280783318020136221.jar R:\workspaces_neon\wks_ispyb\ispyb-ws\target\surefire\surefire6605240204158942940tmp R:\workspaces_neon\wks_ispyb\ispyb-ws\target\surefire\surefire_02764288756646633594tmp
java_class_path (initial): R:\workspaces_neon\wks_ispyb\ispyb-ws\target\surefire\surefirebooter5280783318020136221.jar
Launcher Type: SUN_STANDARD

Environment Variables:



---------------  S Y S T E M  ---------------

OS: Windows 7 , 64 bit Build 7601 (6.1.7601.23572)

CPU:total 8 (4 cores per cpu, 2 threads per core) family 6 model 60 stepping 3, cmov, cx8, fxsr, mmx, sse, sse2, sse3, ssse3, sse4.1, sse4.2, popcnt, avx, avx2, aes, clmul, erms, rtm, lzcnt, ht, tsc, tscinvbit, bmi1, bmi2

Memory: 4k page, physical 8327072k(1004176k free), swap 9373788k(5108k free)

vm_info: Java HotSpot(TM) 64-Bit Server VM (25.60-b23) for windows-amd64 JRE (1.8.0_60-b27), built on Aug  4 2015 11:06:27 by "java_re" with MS VC++ 10.0 (VS2010)

time: Thu Jan 19 17:59:16 2017
elapsed time: 0 seconds (0d 0h 0m 0s)

