#
# There is insufficient memory for the Java Runtime Environment to continue.
# Native memory allocation (malloc) failed to allocate 824784 bytes for Chunk::new
# Possible reasons:
#   The system is out of physical RAM or swap space
#   In 32 bit mode, the process size limit was hit
# Possible solutions:
#   Reduce memory load on the system
#   Increase physical memory or swap space
#   Check if swap backing store is full
#   Use 64 bit Java on a 64 bit OS
#   Decrease Java heap size (-Xmx/-Xms)
#   Decrease number of Java threads
#   Decrease Java thread stack sizes (-Xss)
#   Set larger code cache with -XX:ReservedCodeCacheSize=
# This output file may be truncated or incomplete.
#
#  Out of Memory Error (allocation.cpp:390), pid=7796, tid=4212
#
# JRE version: Java(TM) SE Runtime Environment (8.0_60-b27) (build 1.8.0_60-b27)
# Java VM: Java HotSpot(TM) 64-Bit Server VM (25.60-b23 mixed mode windows-amd64 compressed oops)
# Failed to write core dump. Minidumps are not enabled by default on client versions of Windows
#

---------------  T H R E A D  ---------------

Current thread (0x0000000018dc6800):  JavaThread "C2 CompilerThread0" daemon [_thread_in_native, id=4212, stack(0x000000001a760000,0x000000001a860000)]

Stack: [0x000000001a760000,0x000000001a860000]
[error occurred during error reporting (printing stack bounds), id 0xc0000005]

Native frames: (J=compiled Java code, j=interpreted, Vv=VM code, C=native code)


Current CompileTask:
C2:  42476 6312       4       com.webcohesion.enunciate.util.AnnotationUtils::getJavaDocTags (142 bytes)


---------------  P R O C E S S  ---------------

Java Threads: ( => current thread )
  0x000000001baa5000 JavaThread "RxComputationScheduler-2" daemon [_thread_blocked, id=6948, stack(0x0000000021920000,0x0000000021a20000)]
  0x000000001eb24000 JavaThread "RxComputationScheduler-1" daemon [_thread_blocked, id=7532, stack(0x00000000213b0000,0x00000000214b0000)]
  0x000000001d0ac800 JavaThread "RxIoScheduler-1 (Evictor)" daemon [_thread_blocked, id=6508, stack(0x000000001fe30000,0x000000001ff30000)]
  0x000000001c4cd000 JavaThread "Okio Watchdog" daemon [_thread_blocked, id=7736, stack(0x000000001f650000,0x000000001f750000)]
  0x0000000018e70800 JavaThread "Service Thread" daemon [_thread_blocked, id=7564, stack(0x000000001ac80000,0x000000001ad80000)]
  0x0000000018dd1800 JavaThread "C1 CompilerThread3" daemon [_thread_blocked, id=7768, stack(0x000000001a660000,0x000000001a760000)]
  0x0000000018dd1000 JavaThread "C2 CompilerThread2" daemon [_thread_in_native, id=1508, stack(0x000000001aaa0000,0x000000001aba0000)]
  0x0000000018dd0000 JavaThread "C2 CompilerThread1" daemon [_thread_in_native, id=1764, stack(0x000000001a8b0000,0x000000001a9b0000)]
=>0x0000000018dc6800 JavaThread "C2 CompilerThread0" daemon [_thread_in_native, id=4212, stack(0x000000001a760000,0x000000001a860000)]
  0x0000000018dc4800 JavaThread "Attach Listener" daemon [_thread_blocked, id=6184, stack(0x000000001a500000,0x000000001a600000)]
  0x0000000018dc3800 JavaThread "Signal Dispatcher" daemon [_thread_blocked, id=5532, stack(0x000000001a340000,0x000000001a440000)]
  0x0000000017bfc000 JavaThread "Finalizer" daemon [_thread_blocked, id=8084, stack(0x000000001a160000,0x000000001a260000)]
  0x0000000017bf4800 JavaThread "Reference Handler" daemon [_thread_blocked, id=6228, stack(0x0000000019f70000,0x000000001a070000)]
  0x000000000239e800 JavaThread "main" [_thread_in_Java, id=5632, stack(0x0000000002570000,0x0000000002670000)]

Other Threads:
  0x0000000018d70800 VMThread [stack: 0x0000000019e30000,0x0000000019f30000] [id=7396]
  0x0000000018e8c800 WatcherThread [stack: 0x000000001ae00000,0x000000001af00000] [id=8012]

VM state:not at safepoint (normal execution)

VM Mutex/Monitor currently owned by a thread: None

Heap:
 PSYoungGen      total 398336K, used 149510K [0x00000000d5a00000, 0x00000000fad00000, 0x0000000100000000)
  eden space 364032K, 39% used [0x00000000d5a00000,0x00000000de6bd700,0x00000000ebd80000)
  from space 34304K, 15% used [0x00000000ebd80000,0x00000000ec2c41f8,0x00000000edf00000)
  to   space 48640K, 0% used [0x00000000f7d80000,0x00000000f7d80000,0x00000000fad00000)
 ParOldGen       total 71168K, used 70990K [0x0000000080e00000, 0x0000000085380000, 0x00000000d5a00000)
  object space 71168K, 99% used [0x0000000080e00000,0x0000000085353b28,0x0000000085380000)
 Metaspace       used 32890K, capacity 33368K, committed 33712K, reserved 1079296K
  class space    used 3819K, capacity 3988K, committed 4016K, reserved 1048576K

Card table byte_map: [0x0000000011d00000,0x0000000012100000] byte_map_base: 0x00000000118f9000

Marking Bits: (ParMarkBitMap*) 0x000000006fd3a5b0
 Begin Bits: [0x0000000012e80000, 0x0000000014e48000)
 End Bits:   [0x0000000014e48000, 0x0000000016e10000)

Polling page: 0x0000000000120000

CodeCache: size=245760Kb used=20720Kb max_used=20720Kb free=225039Kb
 bounds [0x0000000002940000, 0x0000000003da0000, 0x0000000011940000]
 total_blobs=6003 nmethods=5554 adapters=361
 compilation: enabled

Compilation events (10 events):
Event: 42.455 Thread 0x0000000018dd1800 6446       2       com.webcohesion.enunciate.modules.jaxb.model.Element::getNamespace (56 bytes)
Event: 42.456 Thread 0x0000000018dd1800 nmethod 6446 0x0000000003d8fd90 code [0x0000000003d8ff80, 0x0000000003d90528]
Event: 42.463 Thread 0x0000000018dd1800 6447       2       java.beans.Introspector::decapitalize (68 bytes)
Event: 42.464 Thread 0x0000000018dd1800 nmethod 6447 0x0000000003d909d0 code [0x0000000003d90c00, 0x0000000003d91458]
Event: 42.464 Thread 0x0000000018dd1800 6448       2       com.webcohesion.enunciate.javac.decorations.element.DecoratedExecutableElement::getPropertyName (58 bytes)
Event: 42.464 Thread 0x0000000018dd1800 nmethod 6448 0x0000000003d91ad0 code [0x0000000003d91cc0, 0x0000000003d91fe8]
Event: 42.466 Thread 0x0000000018dd1800 6449       1       com.webcohesion.enunciate.modules.jaxb.model.types.KnownXmlType::isAnonymous (2 bytes)
Event: 42.467 Thread 0x0000000018dd1800 nmethod 6449 0x0000000003d921d0 code [0x0000000003d92320, 0x0000000003d92430]
Event: 42.467 Thread 0x0000000018dd1800 6450       2       java.lang.RuntimeException::<init> (6 bytes)
Event: 42.467 Thread 0x0000000018dd1800 nmethod 6450 0x0000000003d92490 code [0x0000000003d92600, 0x0000000003d92768]

GC Heap History (10 events):
Event: 26.358 GC heap before
{Heap before GC invocations=13 (full 1):
 PSYoungGen      total 201728K, used 198181K [0x00000000d5a00000, 0x00000000e7980000, 0x0000000100000000)
  eden space 184832K, 100% used [0x00000000d5a00000,0x00000000e0e80000,0x00000000e0e80000)
  from space 16896K, 79% used [0x00000000e0e80000,0x00000000e1b89470,0x00000000e1f00000)
  to   space 17408K, 0% used [0x00000000e6880000,0x00000000e6880000,0x00000000e7980000)
 ParOldGen       total 66048K, used 25531K [0x0000000080e00000, 0x0000000084e80000, 0x00000000d5a00000)
  object space 66048K, 38% used [0x0000000080e00000,0x00000000826eedc0,0x0000000084e80000)
 Metaspace       used 25180K, capacity 25624K, committed 25904K, reserved 1073152K
  class space    used 2873K, capacity 3044K, committed 3120K, reserved 1048576K
Event: 26.371 GC heap after
Heap after GC invocations=13 (full 1):
 PSYoungGen      total 272896K, used 17396K [0x00000000d5a00000, 0x00000000e7e80000, 0x0000000100000000)
  eden space 255488K, 0% used [0x00000000d5a00000,0x00000000d5a00000,0x00000000e5380000)
  from space 17408K, 99% used [0x00000000e6880000,0x00000000e797d318,0x00000000e7980000)
  to   space 21504K, 0% used [0x00000000e5380000,0x00000000e5380000,0x00000000e6880000)
 ParOldGen       total 66048K, used 31159K [0x0000000080e00000, 0x0000000084e80000, 0x00000000d5a00000)
  object space 66048K, 47% used [0x0000000080e00000,0x0000000082c6dc00,0x0000000084e80000)
 Metaspace       used 25180K, capacity 25624K, committed 25904K, reserved 1073152K
  class space    used 2873K, capacity 3044K, committed 3120K, reserved 1048576K
}
Event: 27.824 GC heap before
{Heap before GC invocations=14 (full 1):
 PSYoungGen      total 272896K, used 272884K [0x00000000d5a00000, 0x00000000e7e80000, 0x0000000100000000)
  eden space 255488K, 100% used [0x00000000d5a00000,0x00000000e5380000,0x00000000e5380000)
  from space 17408K, 99% used [0x00000000e6880000,0x00000000e797d318,0x00000000e7980000)
  to   space 21504K, 0% used [0x00000000e5380000,0x00000000e5380000,0x00000000e6880000)
 ParOldGen       total 66048K, used 31159K [0x0000000080e00000, 0x0000000084e80000, 0x00000000d5a00000)
  object space 66048K, 47% used [0x0000000080e00000,0x0000000082c6dc00,0x0000000084e80000)
 Metaspace       used 25188K, capacity 25624K, committed 25904K, reserved 1073152K
  class space    used 2873K, capacity 3044K, committed 3120K, reserved 1048576K
Event: 27.870 GC heap after
Heap after GC invocations=14 (full 1):
 PSYoungGen      total 276992K, used 21492K [0x00000000d5a00000, 0x00000000efb00000, 0x0000000100000000)
  eden space 255488K, 0% used [0x00000000d5a00000,0x00000000d5a00000,0x00000000e5380000)
  from space 21504K, 99% used [0x00000000e5380000,0x00000000e687d1e8,0x00000000e6880000)
  to   space 28672K, 0% used [0x00000000edf00000,0x00000000edf00000,0x00000000efb00000)
 ParOldGen       total 66048K, used 42450K [0x0000000080e00000, 0x0000000084e80000, 0x00000000d5a00000)
  object space 66048K, 64% used [0x0000000080e00000,0x0000000083774840,0x0000000084e80000)
 Metaspace       used 25188K, capacity 25624K, committed 25904K, reserved 1073152K
  class space    used 2873K, capacity 3044K, committed 3120K, reserved 1048576K
}
Event: 29.957 GC heap before
{Heap before GC invocations=15 (full 1):
 PSYoungGen      total 276992K, used 276980K [0x00000000d5a00000, 0x00000000efb00000, 0x0000000100000000)
  eden space 255488K, 100% used [0x00000000d5a00000,0x00000000e5380000,0x00000000e5380000)
  from space 21504K, 99% used [0x00000000e5380000,0x00000000e687d1e8,0x00000000e6880000)
  to   space 28672K, 0% used [0x00000000edf00000,0x00000000edf00000,0x00000000efb00000)
 ParOldGen       total 66048K, used 42450K [0x0000000080e00000, 0x0000000084e80000, 0x00000000d5a00000)
  object space 66048K, 64% used [0x0000000080e00000,0x0000000083774840,0x0000000084e80000)
 Metaspace       used 25195K, capacity 25624K, committed 25904K, reserved 1073152K
  class space    used 2873K, capacity 3044K, committed 3120K, reserved 1048576K
Event: 29.976 GC heap after
Heap after GC invocations=15 (full 1):
 PSYoungGen      total 392704K, used 28659K [0x00000000d5a00000, 0x00000000f0300000, 0x0000000100000000)
  eden space 364032K, 0% used [0x00000000d5a00000,0x00000000d5a00000,0x00000000ebd80000)
  from space 28672K, 99% used [0x00000000edf00000,0x00000000efafcd50,0x00000000efb00000)
  to   space 34304K, 0% used [0x00000000ebd80000,0x00000000ebd80000,0x00000000edf00000)
 ParOldGen       total 66048K, used 45890K [0x0000000080e00000, 0x0000000084e80000, 0x00000000d5a00000)
  object space 66048K, 69% used [0x0000000080e00000,0x0000000083ad0870,0x0000000084e80000)
 Metaspace       used 25195K, capacity 25624K, committed 25904K, reserved 1073152K
  class space    used 2873K, capacity 3044K, committed 3120K, reserved 1048576K
}
Event: 40.910 GC heap before
{Heap before GC invocations=16 (full 1):
 PSYoungGen      total 392704K, used 392691K [0x00000000d5a00000, 0x00000000f0300000, 0x0000000100000000)
  eden space 364032K, 100% used [0x00000000d5a00000,0x00000000ebd80000,0x00000000ebd80000)
  from space 28672K, 99% used [0x00000000edf00000,0x00000000efafcd50,0x00000000efb00000)
  to   space 34304K, 0% used [0x00000000ebd80000,0x00000000ebd80000,0x00000000edf00000)
 ParOldGen       total 66048K, used 45890K [0x0000000080e00000, 0x0000000084e80000, 0x00000000d5a00000)
  object space 66048K, 69% used [0x0000000080e00000,0x0000000083ad0870,0x0000000084e80000)
 Metaspace       used 29952K, capacity 30424K, committed 30768K, reserved 1077248K
  class space    used 3425K, capacity 3556K, committed 3632K, reserved 1048576K
Event: 40.941 GC heap after
Heap after GC invocations=16 (full 1):
 PSYoungGen      total 398336K, used 34276K [0x00000000d5a00000, 0x00000000fad00000, 0x0000000100000000)
  eden space 364032K, 0% used [0x00000000d5a00000,0x00000000d5a00000,0x00000000ebd80000)
  from space 34304K, 99% used [0x00000000ebd80000,0x00000000edef9250,0x00000000edf00000)
  to   space 48640K, 0% used [0x00000000f7d80000,0x00000000f7d80000,0x00000000fad00000)
 ParOldGen       total 71168K, used 70946K [0x0000000080e00000, 0x0000000085380000, 0x00000000d5a00000)
  object space 71168K, 99% used [0x0000000080e00000,0x0000000085348830,0x0000000085380000)
 Metaspace       used 29952K, capacity 30424K, committed 30768K, reserved 1077248K
  class space    used 3425K, capacity 3556K, committed 3632K, reserved 1048576K
}
Event: 40.941 GC heap before
{Heap before GC invocations=17 (full 2):
 PSYoungGen      total 398336K, used 34276K [0x00000000d5a00000, 0x00000000fad00000, 0x0000000100000000)
  eden space 364032K, 0% used [0x00000000d5a00000,0x00000000d5a00000,0x00000000ebd80000)
  from space 34304K, 99% used [0x00000000ebd80000,0x00000000edef9250,0x00000000edf00000)
  to   space 48640K, 0% used [0x00000000f7d80000,0x00000000f7d80000,0x00000000fad00000)
 ParOldGen       total 71168K, used 70946K [0x0000000080e00000, 0x0000000085380000, 0x00000000d5a00000)
  object space 71168K, 99% used [0x0000000080e00000,0x0000000085348830,0x0000000085380000)
 Metaspace       used 29952K, capacity 30424K, committed 30768K, reserved 1077248K
  class space    used 3425K, capacity 3556K, committed 3632K, reserved 1048576K
Event: 41.121 GC heap after
Heap after GC invocations=17 (full 2):
 PSYoungGen      total 398336K, used 5392K [0x00000000d5a00000, 0x00000000fad00000, 0x0000000100000000)
  eden space 364032K, 0% used [0x00000000d5a00000,0x00000000d5a00000,0x00000000ebd80000)
  from space 34304K, 15% used [0x00000000ebd80000,0x00000000ec2c41f8,0x00000000edf00000)
  to   space 48640K, 0% used [0x00000000f7d80000,0x00000000f7d80000,0x00000000fad00000)
 ParOldGen       total 71168K, used 70990K [0x0000000080e00000, 0x0000000085380000, 0x00000000d5a00000)
  object space 71168K, 99% used [0x0000000080e00000,0x0000000085353b28,0x0000000085380000)
 Metaspace       used 29952K, capacity 30424K, committed 30768K, reserved 1077248K
  class space    used 3425K, capacity 3556K, committed 3632K, reserved 1048576K
}

Deoptimization events (10 events):
Event: 42.279 Thread 0x000000000239e800 Uncommon trap: reason=speculate_class_check action=maybe_recompile pc=0x0000000003cb5344 method=com.sun.tools.javac.code.Type.hasTag(Lcom/sun/tools/javac/code/TypeTag;)Z @ 2
Event: 42.279 Thread 0x000000000239e800 Uncommon trap: reason=speculate_class_check action=maybe_recompile pc=0x0000000003cb5344 method=com.sun.tools.javac.code.Type.hasTag(Lcom/sun/tools/javac/code/TypeTag;)Z @ 2
Event: 42.340 Thread 0x000000000239e800 Uncommon trap: reason=bimorphic action=maybe_recompile pc=0x0000000003cbb258 method=com.sun.tools.javac.code.Symbol$TypeSymbol.getEnclosedElements()Ljava/util/List; @ 50
Event: 42.340 Thread 0x000000000239e800 Uncommon trap: reason=bimorphic action=maybe_recompile pc=0x0000000003cbb258 method=com.sun.tools.javac.code.Symbol$TypeSymbol.getEnclosedElements()Ljava/util/List; @ 50
Event: 42.398 Thread 0x000000000239e800 Uncommon trap: reason=unstable_if action=reinterpret pc=0x0000000003c7bb20 method=com.webcohesion.enunciate.javac.decorations.type.DecoratedTypeMirror.<init>(Ljavax/lang/model/type/TypeMirror;Ljavax/annotation/processing/ProcessingEnvironment;)V @ 14
Event: 42.426 Thread 0x000000000239e800 Uncommon trap: reason=bimorphic action=maybe_recompile pc=0x0000000003ce49fc method=javax.lang.model.util.ElementFilter.listFilter(Ljava/lang/Iterable;Ljava/util/Set;Ljava/lang/Class;)Ljava/util/List; @ 9
Event: 42.426 Thread 0x000000000239e800 Uncommon trap: reason=bimorphic action=maybe_recompile pc=0x0000000003ce49fc method=javax.lang.model.util.ElementFilter.listFilter(Ljava/lang/Iterable;Ljava/util/Set;Ljava/lang/Class;)Ljava/util/List; @ 9
Event: 42.427 Thread 0x000000000239e800 Uncommon trap: reason=bimorphic action=maybe_recompile pc=0x0000000003ce49fc method=javax.lang.model.util.ElementFilter.listFilter(Ljava/lang/Iterable;Ljava/util/Set;Ljava/lang/Class;)Ljava/util/List; @ 9
Event: 42.427 Thread 0x000000000239e800 Uncommon trap: reason=bimorphic action=maybe_recompile pc=0x0000000003ce49fc method=javax.lang.model.util.ElementFilter.listFilter(Ljava/lang/Iterable;Ljava/util/Set;Ljava/lang/Class;)Ljava/util/List; @ 9
Event: 42.462 Thread 0x000000000239e800 Uncommon trap: reason=unstable_if action=reinterpret pc=0x00000000036185f8 method=java.io.BufferedInputStream.read([BII)I @ 61

Internal exceptions (10 events):
Event: 38.734 Thread 0x000000000239e800 Exception <a 'java/io/FileNotFoundException'> (0x00000000e8e0c6a0) thrown at [C:\re\workspace\8-2-build-windows-amd64-cygwin\jdk8u60\4407\hotspot\src\share\vm\prims\jni.cpp, line 709]
Event: 38.734 Thread 0x000000000239e800 Exception <a 'java/io/FileNotFoundException'> (0x00000000e8e0d4c8) thrown at [C:\re\workspace\8-2-build-windows-amd64-cygwin\jdk8u60\4407\hotspot\src\share\vm\prims\jni.cpp, line 709]
Event: 39.022 Thread 0x000000000239e800 Exception <a 'java/io/FileNotFoundException'> (0x00000000e8ef12f0) thrown at [C:\re\workspace\8-2-build-windows-amd64-cygwin\jdk8u60\4407\hotspot\src\share\vm\prims\jni.cpp, line 709]
Event: 39.022 Thread 0x000000000239e800 Exception <a 'java/io/FileNotFoundException'> (0x00000000e8ef2188) thrown at [C:\re\workspace\8-2-build-windows-amd64-cygwin\jdk8u60\4407\hotspot\src\share\vm\prims\jni.cpp, line 709]
Event: 39.022 Thread 0x000000000239e800 Exception <a 'java/io/FileNotFoundException'> (0x00000000e8ef3040) thrown at [C:\re\workspace\8-2-build-windows-amd64-cygwin\jdk8u60\4407\hotspot\src\share\vm\prims\jni.cpp, line 709]
Event: 39.023 Thread 0x000000000239e800 Exception <a 'java/io/FileNotFoundException'> (0x00000000e8ef3f10) thrown at [C:\re\workspace\8-2-build-windows-amd64-cygwin\jdk8u60\4407\hotspot\src\share\vm\prims\jni.cpp, line 709]
Event: 39.948 Thread 0x000000000239e800 Exception <a 'java/io/FileNotFoundException'> (0x00000000e919f288) thrown at [C:\re\workspace\8-2-build-windows-amd64-cygwin\jdk8u60\4407\hotspot\src\share\vm\prims\jni.cpp, line 709]
Event: 39.948 Thread 0x000000000239e800 Exception <a 'java/io/FileNotFoundException'> (0x00000000e91a0148) thrown at [C:\re\workspace\8-2-build-windows-amd64-cygwin\jdk8u60\4407\hotspot\src\share\vm\prims\jni.cpp, line 709]
Event: 39.948 Thread 0x000000000239e800 Exception <a 'java/io/FileNotFoundException'> (0x00000000e91a1050) thrown at [C:\re\workspace\8-2-build-windows-amd64-cygwin\jdk8u60\4407\hotspot\src\share\vm\prims\jni.cpp, line 709]
Event: 39.949 Thread 0x000000000239e800 Exception <a 'java/io/FileNotFoundException'> (0x00000000e91a1f68) thrown at [C:\re\workspace\8-2-build-windows-amd64-cygwin\jdk8u60\4407\hotspot\src\share\vm\prims\jni.cpp, line 709]

Events (10 events):
Event: 42.462 loading class java/util/jar/JarInputStream done
Event: 42.462 loading class java/io/PushbackInputStream
Event: 42.462 loading class java/io/PushbackInputStream done
Event: 42.462 loading class java/util/zip/ZipUtils
Event: 42.462 loading class java/util/zip/ZipUtils done
Event: 42.462 Thread 0x000000000239e800 Uncommon trap: trap_request=0xffffff65 fr.pc=0x00000000036185f8
Event: 42.462 Executing VM operation: RevokeBias
Event: 42.462 Executing VM operation: RevokeBias done
Event: 42.462 Thread 0x000000000239e800 DEOPT PACKING pc=0x00000000036185f8 sp=0x0000000002669430
Event: 42.462 Thread 0x000000000239e800 DEOPT UNPACKING pc=0x000000000298582a sp=0x0000000002669440 mode 2


Dynamic libraries:
0x000000013fc60000 - 0x000000013fc97000 	C:\Program Files\Java\jdk1.8.0_60\bin\javaw.exe
0x0000000077b90000 - 0x0000000077d3a000 	C:\windows\SYSTEM32\ntdll.dll
0x0000000077a70000 - 0x0000000077b8f000 	C:\windows\system32\kernel32.dll
0x000007fefdc10000 - 0x000007fefdc7a000 	C:\windows\system32\KERNELBASE.dll
0x000007fefedd0000 - 0x000007fefeeab000 	C:\windows\system32\ADVAPI32.dll
0x000007fefeeb0000 - 0x000007fefef4f000 	C:\windows\system32\msvcrt.dll
0x000007fefdc80000 - 0x000007fefdc9f000 	C:\windows\SYSTEM32\sechost.dll
0x000007fefeca0000 - 0x000007fefedcd000 	C:\windows\system32\RPCRT4.dll
0x0000000077970000 - 0x0000000077a6a000 	C:\windows\system32\USER32.dll
0x000007feff7a0000 - 0x000007feff807000 	C:\windows\system32\GDI32.dll
0x000007feff5a0000 - 0x000007feff5ae000 	C:\windows\system32\LPK.dll
0x000007feffdd0000 - 0x000007feffe9a000 	C:\windows\system32\USP10.dll
0x000007fefc090000 - 0x000007fefc284000 	C:\windows\WinSxS\amd64_microsoft.windows.common-controls_6595b64144ccf1df_6.0.7601.18837_none_fa3b1e3d17594757\COMCTL32.dll
0x000007fefec20000 - 0x000007fefec91000 	C:\windows\system32\SHLWAPI.dll
0x000007feffa10000 - 0x000007feffa3e000 	C:\windows\system32\IMM32.DLL
0x000007feffcc0000 - 0x000007feffdc9000 	C:\windows\system32\MSCTF.dll
0x00000000536f0000 - 0x00000000537c2000 	C:\Program Files\Java\jdk1.8.0_60\jre\bin\msvcr100.dll
0x000000006f530000 - 0x000000006fdb9000 	C:\Program Files\Java\jdk1.8.0_60\jre\bin\server\jvm.dll
0x000007fef5b40000 - 0x000007fef5b49000 	C:\windows\system32\WSOCK32.dll
0x000007feffa40000 - 0x000007feffa8d000 	C:\windows\system32\WS2_32.dll
0x000007feff5b0000 - 0x000007feff5b8000 	C:\windows\system32\NSI.dll
0x000007fefa680000 - 0x000007fefa6bb000 	C:\windows\system32\WINMM.dll
0x000007fefc7d0000 - 0x000007fefc7dc000 	C:\windows\system32\VERSION.dll
0x0000000077d50000 - 0x0000000077d57000 	C:\windows\system32\PSAPI.DLL
0x000000006ef00000 - 0x000000006ef0f000 	C:\Program Files\Java\jdk1.8.0_60\jre\bin\verify.dll
0x0000000055c10000 - 0x0000000055c39000 	C:\Program Files\Java\jdk1.8.0_60\jre\bin\java.dll
0x000000006eee0000 - 0x000000006eef6000 	C:\Program Files\Java\jdk1.8.0_60\jre\bin\zip.dll
0x000007fefde90000 - 0x000007fefec1a000 	C:\windows\system32\SHELL32.dll
0x000007feffab0000 - 0x000007feffcb3000 	C:\windows\system32\ole32.dll
0x000007fefd8d0000 - 0x000007fefd8df000 	C:\windows\system32\profapi.dll
0x000000006db60000 - 0x000000006db7a000 	C:\Program Files\Java\jdk1.8.0_60\jre\bin\net.dll
0x000007fefd0a0000 - 0x000007fefd0f5000 	C:\windows\system32\mswsock.dll
0x000007fefd090000 - 0x000007fefd097000 	C:\windows\System32\wship6.dll
0x0000000056ec0000 - 0x0000000056ed1000 	C:\Program Files\Java\jdk1.8.0_60\jre\bin\nio.dll
0x000007fefd2f0000 - 0x000007fefd308000 	C:\windows\system32\CRYPTSP.dll
0x000007fefce00000 - 0x000007fefce47000 	C:\windows\system32\rsaenh.dll
0x000007fefdb60000 - 0x000007fefdb7e000 	C:\windows\system32\USERENV.dll
0x000007fefd760000 - 0x000007fefd76f000 	C:\windows\system32\CRYPTBASE.dll
0x000007fefb820000 - 0x000007fefb847000 	C:\windows\system32\IPHLPAPI.DLL
0x000007fefb810000 - 0x000007fefb81b000 	C:\windows\system32\WINNSI.DLL
0x000007fefb4a0000 - 0x000007fefb4b1000 	C:\windows\system32\dhcpcsvc6.DLL
0x000007fefb2b0000 - 0x000007fefb2c8000 	C:\windows\system32\dhcpcsvc.DLL
0x0000000054940000 - 0x0000000054964000 	C:\Program Files\Java\jdk1.8.0_60\jre\bin\sunec.dll
0x000007fefc8a0000 - 0x000007fefc8a7000 	C:\windows\System32\wshtcpip.dll
0x000007fefcf20000 - 0x000007fefcf7b000 	C:\windows\system32\DNSAPI.dll
0x000007fef9ee0000 - 0x000007fef9ee8000 	C:\windows\system32\rasadhlp.dll
0x000007fefb4d0000 - 0x000007fefb523000 	C:\windows\System32\fwpuclnt.dll
0x000007fefb8c0000 - 0x000007fefb8d5000 	C:\windows\system32\NLAapi.dll
0x000007fef9d30000 - 0x000007fef9d45000 	C:\windows\system32\napinsp.dll
0x000007fef9d50000 - 0x000007fef9d69000 	C:\windows\system32\pnrpnsp.dll
0x000007fef9d20000 - 0x000007fef9d2b000 	C:\windows\System32\winrnr.dll

VM Arguments:
jvm_args: -Dmaven.home=EMBEDDED -Dclassworlds.conf=R:\workspaces_neon\wks_ispyb\.metadata\.plugins\org.eclipse.m2e.launching\launches\m2conf8954012366462894173.tmp -Dmaven.multiModuleProjectDirectory=R:\workspaces_neon\wks_ispyb\ispyb-ws -Dfile.encoding=Cp1252 
java_command: org.codehaus.plexus.classworlds.launcher.Launcher -B -gs C:\java\maven\apache-maven-3.1.1\conf\settings.xml -s R:\workspaces_neon\wks_ispyb\settings.xml install
java_class_path (initial): /C:/java/eclipseNeon/eclipse/../../../Users/DELAGENI/.p2/pool/plugins/org.eclipse.m2e.maven.runtime_1.7.0.20160603-1931/jars/plexus-classworlds-2.5.2.jar
Launcher Type: SUN_STANDARD

Environment Variables:
JAVA_HOME=C:\Program Files\Java\jdk1.8.0_60
PATH=C:/Program Files/Java/jre1.8.0_101/bin/server;C:/Program Files/Java/jre1.8.0_101/bin;C:/Program Files/Java/jre1.8.0_101/lib/amd64;C:\ProgramData\Oracle\Java\javapath;C:\Program Files\CollabNet\Subversion Client;C:\oracle\product\11.2.0\client_1\bin;C:\windows\system32;C:\windows;C:\windows\System32\Wbem;C:\windows\System32\WindowsPowerShell\v1.0\;C:\Program Files (x86)\Bitvise SSH Client;C:\javascript\;C:\Program Files\Git\cmd;C:\Program Files (x86)\Skype\Phone\;C:\Program Files\TortoiseGit\bin;C:\Program Files (x86)\QuickTime\QTSystem\;C:\Program Files (x86)\SSH Communications Security\SSH Secure Shell;C:\java\jboss-profiler-1.0.CR4\jvmpi\windows\jbossInspector.dll;C:\java\maven\apache-maven-3.1.1\bin;C:\Users\DELAGENI\AppData\Roaming\npm;C:\Program Files (x86)\Vim\vim74;C:\Program Files (x86)\Meld;C:\Users\DELAGENI\Desktop;
USERNAME=delageni
OS=Windows_NT
PROCESSOR_IDENTIFIER=Intel64 Family 6 Model 60 Stepping 3, GenuineIntel



---------------  S Y S T E M  ---------------

OS: Windows 7 , 64 bit Build 7601 (6.1.7601.23569)

CPU:total 8 (4 cores per cpu, 2 threads per core) family 6 model 60 stepping 3, cmov, cx8, fxsr, mmx, sse, sse2, sse3, ssse3, sse4.1, sse4.2, popcnt, avx, avx2, aes, clmul, erms, rtm, lzcnt, ht, tsc, tscinvbit, bmi1, bmi2

Memory: 4k page, physical 8327072k(919384k free), swap 9373788k(5192k free)

vm_info: Java HotSpot(TM) 64-Bit Server VM (25.60-b23) for windows-amd64 JRE (1.8.0_60-b27), built on Aug  4 2015 11:06:27 by "java_re" with MS VC++ 10.0 (VS2010)

time: Tue Dec 06 15:14:31 2016
elapsed time: 42 seconds (0d 0h 0m 42s)

